2021-05-17 12:23:24,417 logPage.py [line:20] INFO 即将打开登录页面
2021-05-17 12:23:26,894 logPage.py [line:23] INFO 输入用户名:wangwu
2021-05-17 12:23:26,940 logPage.py [line:20] INFO 即将打开登录页面
2021-05-17 12:23:26,976 logPage.py [line:23] INFO 输入用户名:zhangsan
2021-05-17 12:23:26,979 logPage.py [line:20] INFO 即将打开登录页面
2021-05-17 12:23:27,015 logPage.py [line:23] INFO 输入用户名:zhaoliu
2021-05-17 12:30:08,209 logPage.py [line:20] INFO 即将打开登录页面
2021-05-17 12:30:08,410 logPage.py [line:23] INFO 输入用户名:wangwu
2021-05-17 12:30:08,413 logPage.py [line:20] INFO 即将打开登录页面
2021-05-17 12:30:08,447 logPage.py [line:23] INFO 输入用户名:zhangsan
2021-05-17 12:30:08,449 logPage.py [line:20] INFO 即将打开登录页面
2021-05-17 12:30:08,495 logPage.py [line:23] INFO 输入用户名:zhaoliu
2021-05-17 12:31:14,391 logPage.py [line:20] INFO 即将打开登录页面
2021-05-17 12:31:14,609 logPage.py [line:23] INFO 输入用户名:wangwu
2021-05-17 12:31:14,613 logPage.py [line:20] INFO 即将打开登录页面
2021-05-17 12:31:14,651 logPage.py [line:23] INFO 输入用户名:zhangsan
2021-05-17 12:31:14,653 logPage.py [line:20] INFO 即将打开登录页面
2021-05-17 12:31:14,707 logPage.py [line:23] INFO 输入用户名:zhaoliu
2021-05-17 12:33:39,821 logPage.py [line:20] INFO 即将打开登录页面
2021-05-17 12:33:40,068 logPage.py [line:23] INFO 输入用户名:wangwu
2021-05-17 12:33:40,125 logPage.py [line:28] INFO 输入密码:123
2021-05-17 12:33:45,215 logPage.py [line:20] INFO 即将打开登录页面
2021-05-17 12:33:45,278 logPage.py [line:23] INFO 输入用户名:zhangsan
2021-05-17 12:33:45,320 logPage.py [line:28] INFO 输入密码:123
2021-05-17 12:33:50,345 logPage.py [line:20] INFO 即将打开登录页面
2021-05-17 12:33:50,415 logPage.py [line:23] INFO 输入用户名:zhaoliu
2021-05-17 12:33:50,440 logPage.py [line:28] INFO 输入密码:123
2021-05-17 12:36:22,536 logPage.py [line:20] INFO 即将打开登录页面
2021-05-17 12:36:22,706 logPage.py [line:23] INFO 输入用户名:wangwu
2021-05-17 12:36:22,781 logPage.py [line:28] INFO 输入密码:123
2021-05-17 12:36:27,821 logPage.py [line:20] INFO 即将打开登录页面
2021-05-17 12:36:27,882 logPage.py [line:23] INFO 输入用户名:zhangsan
2021-05-17 12:36:27,922 logPage.py [line:28] INFO 输入密码:123
2021-05-17 12:36:32,949 logPage.py [line:20] INFO 即将打开登录页面
2021-05-17 12:36:33,016 logPage.py [line:23] INFO 输入用户名:zhaoliu
2021-05-17 12:36:33,041 logPage.py [line:28] INFO 输入密码:123
2021-05-17 12:37:25,082 logPage.py [line:20] INFO 即将打开登录页面
2021-05-17 12:37:25,225 logPage.py [line:23] INFO 输入用户名:wangwu
2021-05-17 12:37:25,285 logPage.py [line:28] INFO 输入密码:123
2021-05-17 12:37:28,583 logPage.py [line:43] INFO 登录成功,去截图
2021-05-17 12:37:28,584 pageObject.py [line:26] INFO 即将截图:登录成功
2021-05-17 12:37:28,603 logPage.py [line:20] INFO 即将打开登录页面
2021-05-17 12:37:28,657 logPage.py [line:23] INFO 输入用户名:zhangsan
2021-05-17 12:37:28,728 logPage.py [line:28] INFO 输入密码:123
2021-05-17 12:37:30,888 logPage.py [line:43] INFO 登录成功,去截图
2021-05-17 12:37:30,889 pageObject.py [line:26] INFO 即将截图:登录成功
2021-05-17 12:37:30,899 logPage.py [line:20] INFO 即将打开登录页面
2021-05-17 12:37:30,964 logPage.py [line:23] INFO 输入用户名:zhaoliu
2021-05-17 12:37:31,013 logPage.py [line:28] INFO 输入密码:123
2021-05-17 12:37:33,150 logPage.py [line:43] INFO 登录成功,去截图
2021-05-17 12:37:33,150 pageObject.py [line:26] INFO 即将截图:登录成功
2021-05-17 12:39:32,777 logPage.py [line:20] INFO 即将打开登录页面
2021-05-17 12:39:32,924 logPage.py [line:23] INFO 输入用户名:wangwu
2021-05-17 12:39:32,982 logPage.py [line:28] INFO 输入密码:123
2021-05-17 12:39:35,390 logPage.py [line:43] INFO 登录成功,去截图
2021-05-17 12:39:35,391 pageObject.py [line:26] INFO 即将截图:登录成功
2021-05-17 12:39:35,612 logPage.py [line:20] INFO 即将打开登录页面
2021-05-17 12:39:35,646 logPage.py [line:23] INFO 输入用户名:zhangsan
2021-05-17 12:39:35,687 logPage.py [line:28] INFO 输入密码:123
2021-05-17 12:39:37,842 logPage.py [line:43] INFO 登录成功,去截图
2021-05-17 12:39:37,842 pageObject.py [line:26] INFO 即将截图:登录成功
2021-05-17 12:39:37,999 logPage.py [line:20] INFO 即将打开登录页面
2021-05-17 12:39:38,038 logPage.py [line:23] INFO 输入用户名:zhaoliu
2021-05-17 12:39:38,088 logPage.py [line:28] INFO 输入密码:123
2021-05-17 12:39:40,323 logPage.py [line:43] INFO 登录成功,去截图
2021-05-17 12:39:40,324 pageObject.py [line:26] INFO 即将截图:登录成功
2021-05-17 17:02:47,630 logPage.py [line:20] INFO 即将打开登录页面
2021-05-17 17:02:47,798 logPage.py [line:23] INFO 输入用户名:wangwu
2021-05-17 17:02:47,858 logPage.py [line:28] INFO 输入密码:123
2021-05-17 17:02:50,269 logPage.py [line:43] INFO 登录成功,去截图
2021-05-17 17:02:50,269 pageObject.py [line:26] INFO 即将截图:登录成功
2021-05-17 17:02:50,449 logPage.py [line:20] INFO 即将打开登录页面
2021-05-17 17:02:50,486 logPage.py [line:23] INFO 输入用户名:zhangsan
2021-05-17 17:02:50,556 logPage.py [line:28] INFO 输入密码:123
2021-05-17 17:02:52,706 logPage.py [line:43] INFO 登录成功,去截图
2021-05-17 17:02:52,706 pageObject.py [line:26] INFO 即将截图:登录成功
2021-05-17 17:02:53,053 logPage.py [line:20] INFO 即将打开登录页面
2021-05-17 17:02:53,087 logPage.py [line:23] INFO 输入用户名:zhaoliu
2021-05-17 17:02:53,136 logPage.py [line:28] INFO 输入密码:123
2021-05-17 17:02:55,286 logPage.py [line:43] INFO 登录成功,去截图
2021-05-17 17:02:55,286 pageObject.py [line:26] INFO 即将截图:登录成功
